1465187282.424120 client started (78466): socket /private/tmp/tmux-13462459/default, protocol 8
1465187282.424158 on Darwin 14.5.0 Darwin Kernel Version 14.5.0: Tue Sep  1 21:23:09 PDT 2015; root:xnu-2782.50.1~1/RELEASE_X86_64; libevent 2.0.22-stable (kqueue)
1465187282.424198 socket is /private/tmp/tmux-13462459/default
1465187282.424213 trying connect
1465187282.424287 add peer 0x7fe93381d400: 5 (0x0)
1465187282.425362 sending message 100 to peer 0x7fe93381d400 (4 bytes)
1465187282.425372 sending message 101 to peer 0x7fe93381d400 (7 bytes)
1465187282.425377 sending message 102 to peer 0x7fe93381d400 (13 bytes)
1465187282.425380 sending message 108 to peer 0x7fe93381d400 (23 bytes)
1465187282.425387 sending message 104 to peer 0x7fe93381d400 (0 bytes)
1465187282.425390 sending message 107 to peer 0x7fe93381d400 (4 bytes)
1465187282.425394 sending message 105 to peer 0x7fe93381d400 (76 bytes)
1465187282.425397 sending message 105 to peer 0x7fe93381d400 (11 bytes)
1465187282.425400 sending message 105 to peer 0x7fe93381d400 (75 bytes)
1465187282.425403 sending message 105 to peer 0x7fe93381d400 (19 bytes)
1465187282.425406 sending message 105 to peer 0x7fe93381d400 (22 bytes)
1465187282.425410 sending message 105 to peer 0x7fe93381d400 (24 bytes)
1465187282.425413 sending message 105 to peer 0x7fe93381d400 (21 bytes)
1465187282.425416 sending message 105 to peer 0x7fe93381d400 (15 bytes)
1465187282.425419 sending message 105 to peer 0x7fe93381d400 (21 bytes)
1465187282.425423 sending message 105 to peer 0x7fe93381d400 (271 bytes)
1465187282.425426 sending message 105 to peer 0x7fe93381d400 (27 bytes)
1465187282.425429 sending message 105 to peer 0x7fe93381d400 (24 bytes)
1465187282.425435 sending message 105 to peer 0x7fe93381d400 (25 bytes)
1465187282.425439 sending message 105 to peer 0x7fe93381d400 (8 bytes)
1465187282.425442 sending message 105 to peer 0x7fe93381d400 (66 bytes)
1465187282.425445 sending message 105 to peer 0x7fe93381d400 (12 bytes)
1465187282.425448 sending message 105 to peer 0x7fe93381d400 (23 bytes)
1465187282.425451 sending message 105 to peer 0x7fe93381d400 (57 bytes)
1465187282.425455 sending message 105 to peer 0x7fe93381d400 (48 bytes)
1465187282.425458 sending message 105 to peer 0x7fe93381d400 (13 bytes)
1465187282.425461 sending message 105 to peer 0x7fe93381d400 (12 bytes)
1465187282.425464 sending message 105 to peer 0x7fe93381d400 (14 bytes)
1465187282.425468 sending message 105 to peer 0x7fe93381d400 (19 bytes)
1465187282.425471 sending message 105 to peer 0x7fe93381d400 (22 bytes)
1465187282.425474 sending message 105 to peer 0x7fe93381d400 (41 bytes)
1465187282.425477 sending message 105 to peer 0x7fe93381d400 (16 bytes)
1465187282.425481 sending message 105 to peer 0x7fe93381d400 (32 bytes)
1465187282.425484 sending message 105 to peer 0x7fe93381d400 (16 bytes)
1465187282.425487 sending message 105 to peer 0x7fe93381d400 (46 bytes)
1465187282.425490 sending message 105 to peer 0x7fe93381d400 (31 bytes)
1465187282.425494 sending message 105 to peer 0x7fe93381d400 (25 bytes)
1465187282.425497 sending message 105 to peer 0x7fe93381d400 (33 bytes)
1465187282.425500 sending message 105 to peer 0x7fe93381d400 (19 bytes)
1465187282.425503 sending message 105 to peer 0x7fe93381d400 (17 bytes)
1465187282.425506 sending message 106 to peer 0x7fe93381d400 (0 bytes)
1465187282.425513 sending message 200 to peer 0x7fe93381d400 (4 bytes)
1465187282.425516 client loop enter
1465187282.427713 peer 0x7fe93381d400 message 211
1465187282.427740 peer 0x7fe93381d400 message 203
1465187282.427750 client loop exit
