1465649470.260717 client started (70903): socket /private/tmp/tmux-501/default, protocol 8
1465649470.260758 on Darwin 15.5.0 Darwin Kernel Version 15.5.0: Tue Apr 19 18:36:36 PDT 2016; root:xnu-3248.50.21~8/RELEASE_X86_64; libevent 2.0.22-stable (kqueue)
1465649470.260805 socket is /private/tmp/tmux-501/default
1465649470.260823 trying connect
1465649470.260913 add peer 0x7fd7c9802000: 5 (0x0)
1465649470.262575 sending message 100 to peer 0x7fd7c9802000 (4 bytes)
1465649470.262594 sending message 101 to peer 0x7fd7c9802000 (7 bytes)
1465649470.262603 sending message 102 to peer 0x7fd7c9802000 (13 bytes)
1465649470.262612 sending message 108 to peer 0x7fd7c9802000 (20 bytes)
1465649470.262629 sending message 104 to peer 0x7fd7c9802000 (0 bytes)
1465649470.262637 sending message 107 to peer 0x7fd7c9802000 (4 bytes)
1465649470.262645 sending message 105 to peer 0x7fd7c9802000 (76 bytes)
1465649470.262652 sending message 105 to peer 0x7fd7c9802000 (11 bytes)
1465649470.262660 sending message 105 to peer 0x7fd7c9802000 (75 bytes)
1465649470.262667 sending message 105 to peer 0x7fd7c9802000 (16 bytes)
1465649470.262675 sending message 105 to peer 0x7fd7c9802000 (22 bytes)
1465649470.262682 sending message 105 to peer 0x7fd7c9802000 (24 bytes)
1465649470.262690 sending message 105 to peer 0x7fd7c9802000 (21 bytes)
1465649470.262697 sending message 105 to peer 0x7fd7c9802000 (12 bytes)
1465649470.262704 sending message 105 to peer 0x7fd7c9802000 (18 bytes)
1465649470.262712 sending message 105 to peer 0x7fd7c9802000 (253 bytes)
1465649470.262720 sending message 105 to peer 0x7fd7c9802000 (24 bytes)
1465649470.262727 sending message 105 to peer 0x7fd7c9802000 (24 bytes)
1465649470.262734 sending message 105 to peer 0x7fd7c9802000 (25 bytes)
1465649470.262742 sending message 105 to peer 0x7fd7c9802000 (8 bytes)
1465649470.262749 sending message 105 to peer 0x7fd7c9802000 (66 bytes)
1465649470.262756 sending message 105 to peer 0x7fd7c9802000 (12 bytes)
1465649470.262764 sending message 105 to peer 0x7fd7c9802000 (23 bytes)
1465649470.262771 sending message 105 to peer 0x7fd7c9802000 (57 bytes)
1465649470.262778 sending message 105 to peer 0x7fd7c9802000 (41 bytes)
1465649470.262785 sending message 105 to peer 0x7fd7c9802000 (13 bytes)
1465649470.262793 sending message 105 to peer 0x7fd7c9802000 (9 bytes)
1465649470.262800 sending message 105 to peer 0x7fd7c9802000 (14 bytes)
1465649470.262807 sending message 105 to peer 0x7fd7c9802000 (19 bytes)
1465649470.262815 sending message 105 to peer 0x7fd7c9802000 (22 bytes)
1465649470.262822 sending message 105 to peer 0x7fd7c9802000 (34 bytes)
1465649470.262829 sending message 105 to peer 0x7fd7c9802000 (16 bytes)
1465649470.262837 sending message 105 to peer 0x7fd7c9802000 (29 bytes)
1465649470.262844 sending message 105 to peer 0x7fd7c9802000 (16 bytes)
1465649470.262852 sending message 105 to peer 0x7fd7c9802000 (46 bytes)
1465649470.262859 sending message 105 to peer 0x7fd7c9802000 (31 bytes)
1465649470.262866 sending message 105 to peer 0x7fd7c9802000 (22 bytes)
1465649470.262874 sending message 105 to peer 0x7fd7c9802000 (33 bytes)
1465649470.262881 sending message 105 to peer 0x7fd7c9802000 (19 bytes)
1465649470.262889 sending message 105 to peer 0x7fd7c9802000 (17 bytes)
1465649470.262896 sending message 106 to peer 0x7fd7c9802000 (0 bytes)
1465649470.262908 sending message 200 to peer 0x7fd7c9802000 (4 bytes)
1465649470.262916 client loop enter
1465649470.264289 peer 0x7fd7c9802000 message 211
1465649470.264315 peer 0x7fd7c9802000 message 203
1465649470.264325 client loop exit
